TN:
SF:src\domain\@shared\event\event-dispatcher.ts
FN:5,get
FN:8,get getEventHandlers
FN:12,register
FN:19,unregister
FN:28,unregisterAll
FN:32,notify
FNF:6
FNH:6
FNDA:4,get
FNDA:9,get getEventHandlers
FNDA:4,register
FNDA:1,unregister
FNDA:1,unregisterAll
FNDA:1,notify
DA:1,1
DA:2,1
DA:3,1
DA:4,1
DA:5,1
DA:6,1
DA:7,1
DA:8,1
DA:9,9
DA:10,9
DA:11,1
DA:12,1
DA:13,4
DA:14,4
DA:15,4
DA:16,4
DA:17,4
DA:18,1
DA:19,1
DA:20,1
DA:21,1
DA:22,1
DA:23,1
DA:24,1
DA:25,1
DA:26,1
DA:27,1
DA:28,1
DA:29,1
DA:30,1
DA:31,1
DA:32,1
DA:33,1
DA:34,1
DA:35,1
DA:36,1
DA:37,1
DA:38,1
DA:39,1
DA:40,1
LF:40
LH:40
BRDA:5,0,0,4
BRDA:8,1,0,9
BRDA:12,2,0,4
BRDA:19,3,0,1
BRDA:28,4,0,1
BRDA:32,5,0,1
BRDA:35,6,0,1
BRF:7
BRH:7
end_of_record
TN:
SF:src\domain\checkout\entity\order.ts
FN:2,get
FN:16,get id
FN:20,get customerId
FN:24,get items
FN:28,validate
FN:46,total
FN:8,Order
FNF:7
FNH:7
FNDA:11,get
FNDA:3,get id
FNDA:2,get customerId
FNDA:2,get items
FNDA:11,validate
FNDA:20,total
FNDA:11,Order
DA:1,1
DA:2,1
DA:3,1
DA:4,1
DA:5,1
DA:6,1
DA:7,1
DA:8,1
DA:9,11
DA:10,11
DA:11,11
DA:12,11
DA:13,11
DA:14,11
DA:15,1
DA:16,1
DA:17,3
DA:18,3
DA:19,1
DA:20,1
DA:21,2
DA:22,2
DA:23,1
DA:24,1
DA:25,2
DA:26,2
DA:27,1
DA:28,1
DA:29,11
DA:30,1
DA:31,1
DA:32,11
DA:33,1
DA:34,1
DA:35,11
DA:36,1
DA:37,1
DA:38,11
DA:39,11
DA:40,1
DA:41,1
DA:42,7
DA:43,7
DA:44,7
DA:45,1
DA:46,1
DA:47,20
DA:48,20
DA:49,1
LF:49
LH:49
BRDA:2,0,0,11
BRDA:16,1,0,3
BRDA:20,2,0,2
BRDA:24,3,0,2
BRDA:28,4,0,11
BRDA:29,5,0,1
BRDA:32,6,0,1
BRDA:35,7,0,1
BRDA:39,8,0,1
BRDA:42,9,0,7
BRDA:39,10,0,9
BRDA:46,11,0,20
BRDA:47,12,0,19
BRDA:8,13,0,11
BRF:14
BRH:14
end_of_record
TN:
SF:src\domain\checkout\entity\order_item.ts
FN:1,get
FN:22,get id
FN:26,get name
FN:30,get productId
FN:34,get quantity
FN:38,get price
FN:42,orderItemTotal
FN:8,OrderItem
FNF:8
FNH:8
FNDA:8,get
FNDA:2,get id
FNDA:2,get name
FNDA:1,get productId
FNDA:11,get quantity
FNDA:2,get price
FNDA:19,orderItemTotal
FNDA:8,OrderItem
DA:1,1
DA:2,1
DA:3,1
DA:4,1
DA:5,1
DA:6,1
DA:7,1
DA:8,1
DA:9,8
DA:10,8
DA:11,8
DA:12,8
DA:13,8
DA:14,8
DA:15,8
DA:16,8
DA:17,8
DA:18,8
DA:19,8
DA:20,8
DA:21,1
DA:22,1
DA:23,2
DA:24,2
DA:25,1
DA:26,1
DA:27,2
DA:28,2
DA:29,1
DA:30,1
DA:31,1
DA:32,1
DA:33,1
DA:34,1
DA:35,11
DA:36,11
DA:37,1
DA:38,1
DA:39,2
DA:40,2
DA:41,1
DA:42,1
DA:43,19
DA:44,19
DA:45,1
DA:46,1
LF:46
LH:46
BRDA:1,0,0,8
BRDA:22,1,0,2
BRDA:26,2,0,2
BRDA:30,3,0,1
BRDA:34,4,0,11
BRDA:38,5,0,2
BRDA:42,6,0,19
BRDA:8,7,0,8
BRF:8
BRH:8
end_of_record
TN:
SF:src\domain\checkout\factory\order.factory.ts
FN:16,get
FN:17,create
FNF:2
FNH:2
FNDA:1,get
FNDA:1,create
DA:1,1
DA:2,1
DA:3,1
DA:4,1
DA:5,1
DA:6,1
DA:7,1
DA:8,1
DA:9,1
DA:10,1
DA:11,1
DA:12,1
DA:13,1
DA:14,1
DA:15,1
DA:16,1
DA:17,1
DA:18,1
DA:19,1
DA:20,1
DA:21,1
DA:22,1
DA:23,1
DA:24,1
DA:25,1
DA:26,1
DA:27,1
DA:28,1
DA:29,1
DA:30,1
DA:31,1
LF:31
LH:31
BRDA:16,0,0,1
BRDA:17,1,0,1
BRDA:18,2,0,1
BRF:3
BRH:3
end_of_record
TN:
SF:src\domain\checkout\service\order.service.ts
FN:6,get
FN:7,placeOrder
FN:16,total
FNF:3
FNH:3
FNDA:2,get
FNDA:1,placeOrder
FNDA:1,total
DA:1,1
DA:2,1
DA:3,1
DA:4,1
DA:5,1
DA:6,1
DA:7,1
DA:8,1
DA:9,0
DA:10,0
DA:11,1
DA:12,1
DA:13,1
DA:14,1
DA:15,1
DA:16,1
DA:17,1
DA:18,1
DA:19,1
LF:19
LH:17
BRDA:6,0,0,2
BRDA:7,1,0,1
BRDA:8,2,0,0
BRDA:16,3,0,1
BRDA:17,4,0,2
BRF:5
BRH:4
end_of_record
TN:
SF:src\domain\customer\entity\customer.ts
FN:3,get
FN:16,get id
FN:20,get name
FN:24,get rewardPoints
FN:28,validate
FN:37,changeName
FN:42,get Address
FN:46,set Address
FN:50,changeAddress
FN:54,isActive
FN:58,activate
FN:65,deactivate
FN:69,addRewardPoints
FN:10,Customer
FNF:14
FNH:14
FNDA:19,get
FNDA:11,get id
FNDA:12,get name
FNDA:13,get rewardPoints
FNDA:21,validate
FNDA:2,changeName
FNDA:30,get Address
FNDA:6,set Address
FNDA:5,changeAddress
FNDA:11,isActive
FNDA:4,activate
FNDA:1,deactivate
FNDA:7,addRewardPoints
FNDA:19,Customer
DA:1,1
DA:2,1
DA:3,1
DA:4,1
DA:5,1
DA:6,1
DA:7,1
DA:8,1
DA:9,1
DA:10,1
DA:11,19
DA:12,19
DA:13,19
DA:14,19
DA:15,1
DA:16,1
DA:17,11
DA:18,11
DA:19,1
DA:20,1
DA:21,12
DA:22,12
DA:23,1
DA:24,1
DA:25,13
DA:26,13
DA:27,1
DA:28,1
DA:29,21
DA:30,1
DA:31,1
DA:32,21
DA:33,1
DA:34,1
DA:35,21
DA:36,1
DA:37,1
DA:38,2
DA:39,2
DA:40,2
DA:41,1
DA:42,1
DA:43,30
DA:44,30
DA:45,1
DA:46,1
DA:47,6
DA:48,6
DA:49,1
DA:50,1
DA:51,5
DA:52,5
DA:53,1
DA:54,1
DA:55,11
DA:56,11
DA:57,1
DA:58,1
DA:59,4
DA:60,1
DA:61,1
DA:62,3
DA:63,3
DA:64,1
DA:65,1
DA:66,1
DA:67,1
DA:68,1
DA:69,1
DA:70,7
DA:71,7
DA:72,1
DA:73,1
LF:73
LH:73
BRDA:3,0,0,19
BRDA:16,1,0,11
BRDA:20,2,0,12
BRDA:24,3,0,13
BRDA:28,4,0,21
BRDA:29,5,0,1
BRDA:32,6,0,1
BRDA:37,7,0,2
BRDA:42,8,0,30
BRDA:46,9,0,6
BRDA:50,10,0,5
BRDA:54,11,0,11
BRDA:58,12,0,4
BRDA:59,13,0,3
BRDA:59,14,0,1
BRDA:65,15,0,1
BRDA:69,16,0,7
BRDA:10,17,0,19
BRF:18
BRH:18
end_of_record
TN:
SF:src\domain\customer\factory\customer.factory.ts
FN:5,get
FN:6,create
FN:10,createWithAddress
FNF:3
FNH:3
FNDA:2,get
FNDA:1,create
FNDA:1,createWithAddress
DA:1,1
DA:2,1
DA:3,1
DA:4,1
DA:5,1
DA:6,1
DA:7,1
DA:8,1
DA:9,1
DA:10,1
DA:11,1
DA:12,1
DA:13,1
DA:14,1
DA:15,1
LF:15
LH:15
BRDA:5,0,0,2
BRDA:6,1,0,1
BRDA:10,2,0,1
BRF:3
BRH:3
end_of_record
TN:
SF:src\domain\customer\value-object\address.ts
FN:1,get
FN:16,get street
FN:20,get number
FN:24,get zip
FN:28,get city
FN:32,validate
FN:47,toString
FN:7,Address
FNF:8
FNH:7
FNDA:11,get
FNDA:9,get street
FNDA:9,get number
FNDA:9,get zip
FNDA:9,get city
FNDA:11,validate
FNDA:0,toString
FNDA:11,Address
DA:1,1
DA:2,1
DA:3,1
DA:4,1
DA:5,1
DA:6,1
DA:7,1
DA:8,11
DA:9,11
DA:10,11
DA:11,11
DA:12,11
DA:13,11
DA:14,11
DA:15,1
DA:16,1
DA:17,9
DA:18,9
DA:19,1
DA:20,1
DA:21,9
DA:22,9
DA:23,1
DA:24,1
DA:25,9
DA:26,9
DA:27,1
DA:28,1
DA:29,9
DA:30,9
DA:31,1
DA:32,1
DA:33,11
DA:34,0
DA:35,0
DA:36,11
DA:37,0
DA:38,0
DA:39,11
DA:40,0
DA:41,0
DA:42,11
DA:43,0
DA:44,0
DA:45,11
DA:46,1
DA:47,1
DA:48,0
DA:49,0
DA:50,1
LF:50
LH:40
BRDA:1,0,0,11
BRDA:16,1,0,9
BRDA:20,2,0,9
BRDA:24,3,0,9
BRDA:28,4,0,9
BRDA:32,5,0,11
BRDA:33,6,0,0
BRDA:36,7,0,0
BRDA:39,8,0,0
BRDA:42,9,0,0
BRDA:7,10,0,11
BRF:11
BRH:7
end_of_record
TN:
SF:src\domain\product\entity\product-b.ts
FN:3,get
FN:15,get id
FN:19,get name
FN:23,get price
FN:27,changeName
FN:32,changePrice
FN:37,validate
FN:8,ProductB
FNF:8
FNH:6
FNDA:1,get
FNDA:1,get id
FNDA:1,get name
FNDA:1,get price
FNDA:0,changeName
FNDA:0,changePrice
FNDA:1,validate
FNDA:1,ProductB
DA:1,1
DA:2,1
DA:3,1
DA:4,1
DA:5,1
DA:6,1
DA:7,1
DA:8,1
DA:9,1
DA:10,1
DA:11,1
DA:12,1
DA:13,1
DA:14,1
DA:15,1
DA:16,1
DA:17,1
DA:18,1
DA:19,1
DA:20,1
DA:21,1
DA:22,1
DA:23,1
DA:24,1
DA:25,1
DA:26,1
DA:27,1
DA:28,0
DA:29,0
DA:30,0
DA:31,1
DA:32,1
DA:33,0
DA:34,0
DA:35,0
DA:36,1
DA:37,1
DA:38,1
DA:39,0
DA:40,0
DA:41,1
DA:42,0
DA:43,0
DA:44,1
DA:45,0
DA:46,0
DA:47,1
DA:48,1
DA:49,1
LF:49
LH:37
BRDA:3,0,0,1
BRDA:15,1,0,1
BRDA:19,2,0,1
BRDA:23,3,0,1
BRDA:37,4,0,1
BRDA:38,5,0,0
BRDA:41,6,0,0
BRDA:44,7,0,0
BRDA:8,8,0,1
BRF:9
BRH:6
end_of_record
TN:
SF:src\domain\product\entity\product.ts
FN:3,get
FN:15,get id
FN:19,get name
FN:23,get price
FN:27,changeName
FN:32,changePrice
FN:37,validate
FN:8,Product
FNF:8
FNH:8
FNDA:17,get
FNDA:10,get id
FNDA:11,get name
FNDA:17,get price
FNDA:2,changeName
FNDA:4,changePrice
FNDA:23,validate
FNDA:17,Product
DA:1,1
DA:2,1
DA:3,1
DA:4,1
DA:5,1
DA:6,1
DA:7,1
DA:8,1
DA:9,17
DA:10,17
DA:11,17
DA:12,17
DA:13,17
DA:14,1
DA:15,1
DA:16,10
DA:17,10
DA:18,1
DA:19,1
DA:20,11
DA:21,11
DA:22,1
DA:23,1
DA:24,17
DA:25,17
DA:26,1
DA:27,1
DA:28,2
DA:29,2
DA:30,2
DA:31,1
DA:32,1
DA:33,4
DA:34,4
DA:35,4
DA:36,1
DA:37,1
DA:38,23
DA:39,1
DA:40,1
DA:41,23
DA:42,1
DA:43,1
DA:44,23
DA:45,1
DA:46,1
DA:47,20
DA:48,20
DA:49,1
LF:49
LH:49
BRDA:3,0,0,17
BRDA:15,1,0,10
BRDA:19,2,0,11
BRDA:23,3,0,17
BRDA:27,4,0,2
BRDA:32,5,0,4
BRDA:37,6,0,23
BRDA:38,7,0,1
BRDA:41,8,0,1
BRDA:44,9,0,1
BRDA:47,10,0,20
BRDA:8,11,0,17
BRF:12
BRH:12
end_of_record
TN:
SF:src\domain\product\event\product-created.event.ts
FN:3,get
FN:7,ProductCreatedEvent
FNF:2
FNH:2
FNDA:1,get
FNDA:1,ProductCreatedEvent
DA:1,1
DA:2,1
DA:3,1
DA:4,1
DA:5,1
DA:6,1
DA:7,1
DA:8,1
DA:9,1
DA:10,1
DA:11,1
LF:11
LH:11
BRDA:3,0,0,1
BRDA:7,1,0,1
BRF:2
BRH:2
end_of_record
TN:
SF:src\domain\product\event\handler\send-email-when-product-is-created.handler.ts
FN:4,get
FN:7,handle
FNF:2
FNH:2
FNDA:4,get
FNDA:1,handle
DA:1,1
DA:2,1
DA:3,1
DA:4,1
DA:5,1
DA:6,1
DA:7,1
DA:8,1
DA:9,1
DA:10,1
LF:10
LH:10
BRDA:4,0,0,4
BRDA:7,1,0,1
BRF:2
BRH:2
end_of_record
TN:
SF:src\domain\product\factory\product.factory.ts
FN:6,get
FN:7,create
FNF:2
FNH:2
FNDA:3,get
FNDA:3,create
DA:1,1
DA:2,1
DA:3,1
DA:4,1
DA:5,1
DA:6,1
DA:7,1
DA:8,3
DA:9,3
DA:10,3
DA:11,3
DA:12,3
DA:13,3
DA:14,1
DA:15,3
DA:16,1
DA:17,3
DA:18,1
DA:19,3
DA:20,3
DA:21,1
LF:21
LH:21
BRDA:6,0,0,3
BRDA:7,1,0,3
BRDA:13,2,0,1
BRDA:15,3,0,1
BRDA:17,4,0,1
BRF:5
BRH:5
end_of_record
TN:
SF:src\domain\product\service\product.service.ts
FN:3,get
FN:4,increasePrice
FNF:2
FNH:2
FNDA:1,get
FNDA:1,increasePrice
DA:1,1
DA:2,1
DA:3,1
DA:4,1
DA:5,1
DA:6,2
DA:7,2
DA:8,1
DA:9,1
DA:10,1
LF:10
LH:10
BRDA:3,0,0,1
BRDA:4,1,0,1
BRDA:5,2,0,2
BRF:3
BRH:3
end_of_record
TN:
SF:src\infrastructure\customer\repository\sequelize\customer.model.ts
FN:12,get
FNF:1
FNH:1
FNDA:24,get
DA:1,1
DA:2,1
DA:3,1
DA:4,1
DA:5,1
DA:6,1
DA:7,1
DA:8,1
DA:9,1
DA:10,1
DA:11,1
DA:12,1
DA:13,1
DA:14,1
DA:15,1
DA:16,1
DA:17,1
DA:18,1
DA:19,1
DA:20,1
DA:21,1
DA:22,1
DA:23,1
DA:24,1
DA:25,1
DA:26,1
DA:27,1
DA:28,1
DA:29,1
DA:30,1
DA:31,1
DA:32,1
DA:33,1
DA:34,1
DA:35,1
DA:36,1
DA:37,1
LF:37
LH:37
BRDA:12,0,0,24
BRF:1
BRH:1
end_of_record
TN:
SF:src\infrastructure\customer\repository\sequelize\customer.repository.ts
FN:6,get
FN:7,create
FN:20,update
FN:39,find
FN:63,findAll
FNF:5
FNH:5
FNDA:6,get
FNDA:6,create
FNDA:1,update
FNDA:2,find
FNDA:1,findAll
DA:1,1
DA:2,1
DA:3,1
DA:4,1
DA:5,1
DA:6,1
DA:7,1
DA:8,6
DA:9,6
DA:10,6
DA:11,6
DA:12,6
DA:13,6
DA:14,6
DA:15,6
DA:16,6
DA:17,6
DA:18,6
DA:19,1
DA:20,1
DA:21,1
DA:22,1
DA:23,1
DA:24,1
DA:25,1
DA:26,1
DA:27,1
DA:28,1
DA:29,1
DA:30,1
DA:31,1
DA:32,1
DA:33,1
DA:34,1
DA:35,1
DA:36,1
DA:37,1
DA:38,1
DA:39,1
DA:40,2
DA:41,2
DA:42,2
DA:43,2
DA:44,2
DA:45,2
DA:46,2
DA:47,2
DA:48,1
DA:49,1
DA:50,1
DA:51,1
DA:52,1
DA:53,1
DA:54,1
DA:55,1
DA:56,1
DA:57,1
DA:58,1
DA:59,1
DA:60,1
DA:61,1
DA:62,1
DA:63,1
DA:64,1
DA:65,1
DA:66,1
DA:67,2
DA:68,2
DA:69,2
DA:70,2
DA:71,2
DA:72,2
DA:73,2
DA:74,2
DA:75,2
DA:76,2
DA:77,1
DA:78,1
DA:79,2
DA:80,2
DA:81,1
DA:82,1
DA:83,1
DA:84,1
LF:84
LH:84
BRDA:6,0,0,6
BRDA:7,1,0,6
BRDA:20,2,0,1
BRDA:39,3,0,2
BRDA:47,4,0,1
BRDA:63,5,0,1
BRDA:66,6,0,2
BRDA:76,7,0,1
BRF:8
BRH:8
end_of_record
TN:
SF:src\infrastructure\order\repository\sequilize\order-item.model.ts
FN:17,get
FNF:1
FNH:1
FNDA:5,get
DA:1,1
DA:2,1
DA:3,1
DA:4,1
DA:5,1
DA:6,1
DA:7,1
DA:8,1
DA:9,1
DA:10,1
DA:11,1
DA:12,1
DA:13,1
DA:14,1
DA:15,1
DA:16,1
DA:17,1
DA:18,1
DA:19,1
DA:20,1
DA:21,1
DA:22,1
DA:23,1
DA:24,1
DA:25,1
DA:26,1
DA:27,1
DA:28,1
DA:29,1
DA:30,1
DA:31,1
DA:32,1
DA:33,1
DA:34,1
DA:35,1
DA:36,1
DA:37,1
DA:38,1
DA:39,1
DA:40,1
DA:41,1
DA:42,1
DA:43,1
DA:44,1
LF:44
LH:44
BRDA:27,0,0,0
BRDA:34,1,0,0
BRDA:17,2,0,5
BRDA:22,3,0,5
BRDA:26,4,0,2
BRDA:29,5,0,2
BRDA:33,6,0,2
BRF:7
BRH:5
end_of_record
TN:
SF:src\infrastructure\order\repository\sequilize\order.model.ts
FN:17,get
FNF:1
FNH:1
FNDA:7,get
DA:1,1
DA:2,1
DA:3,1
DA:4,1
DA:5,1
DA:6,1
DA:7,1
DA:8,1
DA:9,1
DA:10,1
DA:11,1
DA:12,1
DA:13,1
DA:14,1
DA:15,1
DA:16,1
DA:17,1
DA:18,1
DA:19,1
DA:20,1
DA:21,1
DA:22,1
DA:23,1
DA:24,1
DA:25,1
DA:26,1
DA:27,1
DA:28,1
DA:29,1
DA:30,1
DA:31,1
DA:32,1
DA:33,1
DA:34,1
LF:34
LH:34
BRDA:27,0,0,0
BRDA:17,1,0,7
BRDA:22,2,0,1
BRDA:26,3,0,3
BRDA:29,4,0,3
BRF:5
BRH:4
end_of_record
TN:
SF:src\infrastructure\order\repository\sequilize\order.repository.ts
FN:5,get
FN:6,create
FNF:2
FNH:2
FNDA:1,get
FNDA:1,create
DA:1,1
DA:2,1
DA:3,1
DA:4,1
DA:5,1
DA:6,1
DA:7,1
DA:8,1
DA:9,1
DA:10,1
DA:11,1
DA:12,1
DA:13,1
DA:14,1
DA:15,1
DA:16,1
DA:17,1
DA:18,1
DA:19,1
DA:20,1
DA:21,1
DA:22,1
DA:23,1
DA:24,1
DA:25,1
LF:25
LH:25
BRDA:5,0,0,1
BRDA:6,1,0,1
BRDA:12,2,0,1
BRF:3
BRH:3
end_of_record
TN:
SF:src\infrastructure\product\repository\sequelize\product.model.ts
FN:7,get
FNF:1
FNH:1
FNDA:29,get
DA:1,1
DA:2,1
DA:3,1
DA:4,1
DA:5,1
DA:6,1
DA:7,1
DA:8,1
DA:9,1
DA:10,1
DA:11,1
DA:12,1
DA:13,1
DA:14,1
DA:15,1
DA:16,1
DA:17,1
LF:17
LH:17
BRDA:7,0,0,29
BRF:1
BRH:1
end_of_record
TN:
SF:src\infrastructure\product\repository\sequelize\product.repository.ts
FN:5,get
FN:6,create
FN:14,update
FN:28,find
FN:33,findAll
FNF:5
FNH:5
FNDA:5,get
FNDA:6,create
FNDA:1,update
FNDA:1,find
FNDA:1,findAll
DA:1,1
DA:2,1
DA:3,1
DA:4,1
DA:5,1
DA:6,1
DA:7,6
DA:8,6
DA:9,6
DA:10,6
DA:11,6
DA:12,6
DA:13,1
DA:14,1
DA:15,1
DA:16,1
DA:17,1
DA:18,1
DA:19,1
DA:20,1
DA:21,1
DA:22,1
DA:23,1
DA:24,1
DA:25,1
DA:26,1
DA:27,1
DA:28,1
DA:29,1
DA:30,1
DA:31,1
DA:32,1
DA:33,1
DA:34,1
DA:35,1
DA:36,2
DA:37,1
DA:38,1
DA:39,1
LF:39
LH:39
BRDA:5,0,0,5
BRDA:6,1,0,6
BRDA:14,2,0,1
BRDA:28,3,0,1
BRDA:33,4,0,1
BRDA:35,5,0,2
BRF:6
BRH:6
end_of_record
