TN:
SF:src\domain\@shared\event\event-dispatcher.ts
FN:5,get
FN:8,get getEventHandlers
FN:12,register
FN:19,unregister
FN:28,unregisterAll
FN:32,notify
FNF:6
FNH:6
FNDA:4,get
FNDA:9,get getEventHandlers
FNDA:4,register
FNDA:1,unregister
FNDA:1,unregisterAll
FNDA:1,notify
DA:1,1
DA:2,1
DA:3,1
DA:4,1
DA:5,1
DA:6,1
DA:7,1
DA:8,1
DA:9,9
DA:10,9
DA:11,1
DA:12,1
DA:13,4
DA:14,4
DA:15,4
DA:16,4
DA:17,4
DA:18,1
DA:19,1
DA:20,1
DA:21,1
DA:22,1
DA:23,1
DA:24,1
DA:25,1
DA:26,1
DA:27,1
DA:28,1
DA:29,1
DA:30,1
DA:31,1
DA:32,1
DA:33,1
DA:34,1
DA:35,1
DA:36,1
DA:37,1
DA:38,1
DA:39,1
DA:40,1
LF:40
LH:40
BRDA:5,0,0,4
BRDA:8,1,0,9
BRDA:12,2,0,4
BRDA:19,3,0,1
BRDA:28,4,0,1
BRDA:32,5,0,1
BRDA:35,6,0,1
BRF:7
BRH:7
end_of_record
TN:
SF:src\domain\checkout\entity\order.ts
FN:2,get
FN:16,get id
FN:20,get customerId
FN:24,get items
FN:28,changeOrderItem
FN:34,validate
FN:52,total
FN:8,Order
FNF:8
FNH:8
FNDA:12,get
FNDA:9,get id
FNDA:3,get customerId
FNDA:4,get items
FNDA:1,changeOrderItem
FNDA:13,validate
FNDA:26,total
FNDA:12,Order
DA:1,1
DA:2,1
DA:3,1
DA:4,1
DA:5,1
DA:6,1
DA:7,1
DA:8,1
DA:9,12
DA:10,12
DA:11,12
DA:12,12
DA:13,12
DA:14,12
DA:15,1
DA:16,1
DA:17,9
DA:18,9
DA:19,1
DA:20,1
DA:21,3
DA:22,3
DA:23,1
DA:24,1
DA:25,4
DA:26,4
DA:27,1
DA:28,1
DA:29,1
DA:30,1
DA:31,1
DA:32,1
DA:33,1
DA:34,1
DA:35,13
DA:36,1
DA:37,1
DA:38,13
DA:39,1
DA:40,1
DA:41,13
DA:42,1
DA:43,1
DA:44,10
DA:45,13
DA:46,1
DA:47,1
DA:48,9
DA:49,9
DA:50,9
DA:51,1
DA:52,1
DA:53,26
DA:54,26
DA:55,1
LF:55
LH:55
BRDA:2,0,0,12
BRDA:16,1,0,9
BRDA:20,2,0,3
BRDA:24,3,0,4
BRDA:28,4,0,1
BRDA:34,5,0,13
BRDA:35,6,0,1
BRDA:38,7,0,1
BRDA:41,8,0,11
BRDA:41,9,0,1
BRDA:44,10,0,10
BRDA:45,11,0,1
BRDA:48,12,0,9
BRDA:45,13,0,11
BRDA:52,14,0,26
BRDA:53,15,0,25
BRDA:8,16,0,12
BRF:17
BRH:17
end_of_record
TN:
SF:src\domain\checkout\entity\order_item.ts
FN:1,get
FN:22,get id
FN:26,get name
FN:30,get productId
FN:34,get quantity
FN:38,get price
FN:42,changeOrderItem
FN:50,orderItemTotal
FN:54,validate
FN:8,OrderItem
FNF:10
FNH:10
FNDA:9,get
FNDA:6,get id
FNDA:6,get name
FNDA:3,get productId
FNDA:17,get quantity
FNDA:6,get price
FNDA:1,changeOrderItem
FNDA:25,orderItemTotal
FNDA:1,validate
FNDA:9,OrderItem
DA:1,1
DA:2,1
DA:3,1
DA:4,1
DA:5,1
DA:6,1
DA:7,1
DA:8,1
DA:9,9
DA:10,9
DA:11,9
DA:12,9
DA:13,9
DA:14,9
DA:15,9
DA:16,9
DA:17,9
DA:18,9
DA:19,9
DA:20,9
DA:21,1
DA:22,1
DA:23,6
DA:24,6
DA:25,1
DA:26,1
DA:27,6
DA:28,6
DA:29,1
DA:30,1
DA:31,3
DA:32,3
DA:33,1
DA:34,1
DA:35,17
DA:36,17
DA:37,1
DA:38,1
DA:39,6
DA:40,6
DA:41,1
DA:42,1
DA:43,1
DA:44,1
DA:45,1
DA:46,1
DA:47,1
DA:48,1
DA:49,1
DA:50,1
DA:51,25
DA:52,25
DA:53,1
DA:54,1
DA:55,1
DA:56,0
DA:57,0
DA:58,1
DA:59,0
DA:60,0
DA:61,1
DA:62,0
DA:63,0
DA:64,1
DA:65,0
DA:66,0
DA:67,1
DA:68,1
DA:69,1
LF:69
LH:61
BRDA:1,0,0,9
BRDA:22,1,0,6
BRDA:26,2,0,6
BRDA:30,3,0,3
BRDA:34,4,0,17
BRDA:38,5,0,6
BRDA:42,6,0,1
BRDA:50,7,0,25
BRDA:54,8,0,1
BRDA:55,9,0,0
BRDA:58,10,0,0
BRDA:61,11,0,0
BRDA:64,12,0,0
BRDA:8,13,0,9
BRF:14
BRH:10
end_of_record
TN:
SF:src\domain\checkout\factory\order.factory.ts
FN:16,get
FN:17,create
FNF:2
FNH:2
FNDA:1,get
FNDA:1,create
DA:1,1
DA:2,1
DA:3,1
DA:4,1
DA:5,1
DA:6,1
DA:7,1
DA:8,1
DA:9,1
DA:10,1
DA:11,1
DA:12,1
DA:13,1
DA:14,1
DA:15,1
DA:16,1
DA:17,1
DA:18,1
DA:19,1
DA:20,1
DA:21,1
DA:22,1
DA:23,1
DA:24,1
DA:25,1
DA:26,1
DA:27,1
DA:28,1
DA:29,1
DA:30,1
DA:31,1
LF:31
LH:31
BRDA:16,0,0,1
BRDA:17,1,0,1
BRDA:18,2,0,1
BRF:3
BRH:3
end_of_record
TN:
SF:src\domain\checkout\service\order.service.ts
FN:6,get
FN:7,placeOrder
FN:16,total
FNF:3
FNH:3
FNDA:2,get
FNDA:1,placeOrder
FNDA:1,total
DA:1,1
DA:2,1
DA:3,1
DA:4,1
DA:5,1
DA:6,1
DA:7,1
DA:8,1
DA:9,0
DA:10,0
DA:11,1
DA:12,1
DA:13,1
DA:14,1
DA:15,1
DA:16,1
DA:17,1
DA:18,1
DA:19,1
LF:19
LH:17
BRDA:6,0,0,2
BRDA:7,1,0,1
BRDA:8,2,0,0
BRDA:16,3,0,1
BRDA:17,4,0,2
BRF:5
BRH:4
end_of_record
TN:
SF:src\domain\customer\entity\customer.ts
FN:3,get
FN:16,get id
FN:20,get name
FN:24,get rewardPoints
FN:28,validate
FN:37,changeName
FN:42,get Address
FN:46,set Address
FN:50,changeAddress
FN:54,isActive
FN:58,activate
FN:65,deactivate
FN:69,addRewardPoints
FN:10,Customer
FNF:14
FNH:14
FNDA:20,get
FNDA:12,get id
FNDA:13,get name
FNDA:14,get rewardPoints
FNDA:22,validate
FNDA:2,changeName
FNDA:34,get Address
FNDA:6,set Address
FNDA:6,changeAddress
FNDA:12,isActive
FNDA:4,activate
FNDA:1,deactivate
FNDA:7,addRewardPoints
FNDA:20,Customer
DA:1,1
DA:2,1
DA:3,1
DA:4,1
DA:5,1
DA:6,1
DA:7,1
DA:8,1
DA:9,1
DA:10,1
DA:11,20
DA:12,20
DA:13,20
DA:14,20
DA:15,1
DA:16,1
DA:17,12
DA:18,12
DA:19,1
DA:20,1
DA:21,13
DA:22,13
DA:23,1
DA:24,1
DA:25,14
DA:26,14
DA:27,1
DA:28,1
DA:29,22
DA:30,1
DA:31,1
DA:32,22
DA:33,1
DA:34,1
DA:35,22
DA:36,1
DA:37,1
DA:38,2
DA:39,2
DA:40,2
DA:41,1
DA:42,1
DA:43,34
DA:44,34
DA:45,1
DA:46,1
DA:47,6
DA:48,6
DA:49,1
DA:50,1
DA:51,6
DA:52,6
DA:53,1
DA:54,1
DA:55,12
DA:56,12
DA:57,1
DA:58,1
DA:59,4
DA:60,1
DA:61,1
DA:62,3
DA:63,3
DA:64,1
DA:65,1
DA:66,1
DA:67,1
DA:68,1
DA:69,1
DA:70,7
DA:71,7
DA:72,1
DA:73,1
LF:73
LH:73
BRDA:3,0,0,20
BRDA:16,1,0,12
BRDA:20,2,0,13
BRDA:24,3,0,14
BRDA:28,4,0,22
BRDA:29,5,0,1
BRDA:32,6,0,1
BRDA:37,7,0,2
BRDA:42,8,0,34
BRDA:46,9,0,6
BRDA:50,10,0,6
BRDA:54,11,0,12
BRDA:58,12,0,4
BRDA:59,13,0,3
BRDA:59,14,0,1
BRDA:65,15,0,1
BRDA:69,16,0,7
BRDA:10,17,0,20
BRF:18
BRH:18
end_of_record
TN:
SF:src\domain\customer\factory\customer.factory.ts
FN:5,get
FN:6,create
FN:10,createWithAddress
FNF:3
FNH:3
FNDA:2,get
FNDA:1,create
FNDA:1,createWithAddress
DA:1,1
DA:2,1
DA:3,1
DA:4,1
DA:5,1
DA:6,1
DA:7,1
DA:8,1
DA:9,1
DA:10,1
DA:11,1
DA:12,1
DA:13,1
DA:14,1
DA:15,1
LF:15
LH:15
BRDA:5,0,0,2
BRDA:6,1,0,1
BRDA:10,2,0,1
BRF:3
BRH:3
end_of_record
TN:
SF:src\domain\customer\value-object\address.ts
FN:1,get
FN:16,get street
FN:20,get number
FN:24,get zip
FN:28,get city
FN:32,validate
FN:47,toString
FN:7,Address
FNF:8
FNH:7
FNDA:12,get
FNDA:10,get street
FNDA:10,get number
FNDA:10,get zip
FNDA:10,get city
FNDA:12,validate
FNDA:0,toString
FNDA:12,Address
DA:1,1
DA:2,1
DA:3,1
DA:4,1
DA:5,1
DA:6,1
DA:7,1
DA:8,12
DA:9,12
DA:10,12
DA:11,12
DA:12,12
DA:13,12
DA:14,12
DA:15,1
DA:16,1
DA:17,10
DA:18,10
DA:19,1
DA:20,1
DA:21,10
DA:22,10
DA:23,1
DA:24,1
DA:25,10
DA:26,10
DA:27,1
DA:28,1
DA:29,10
DA:30,10
DA:31,1
DA:32,1
DA:33,12
DA:34,0
DA:35,0
DA:36,12
DA:37,0
DA:38,0
DA:39,12
DA:40,0
DA:41,0
DA:42,12
DA:43,0
DA:44,0
DA:45,12
DA:46,1
DA:47,1
DA:48,0
DA:49,0
DA:50,1
LF:50
LH:40
BRDA:1,0,0,12
BRDA:16,1,0,10
BRDA:20,2,0,10
BRDA:24,3,0,10
BRDA:28,4,0,10
BRDA:32,5,0,12
BRDA:33,6,0,0
BRDA:36,7,0,0
BRDA:39,8,0,0
BRDA:42,9,0,0
BRDA:7,10,0,12
BRF:11
BRH:7
end_of_record
TN:
SF:src\domain\product\entity\product-b.ts
FN:3,get
FN:15,get id
FN:19,get name
FN:23,get price
FN:27,changeName
FN:32,changePrice
FN:37,validate
FN:8,ProductB
FNF:8
FNH:6
FNDA:1,get
FNDA:1,get id
FNDA:1,get name
FNDA:1,get price
FNDA:0,changeName
FNDA:0,changePrice
FNDA:1,validate
FNDA:1,ProductB
DA:1,1
DA:2,1
DA:3,1
DA:4,1
DA:5,1
DA:6,1
DA:7,1
DA:8,1
DA:9,1
DA:10,1
DA:11,1
DA:12,1
DA:13,1
DA:14,1
DA:15,1
DA:16,1
DA:17,1
DA:18,1
DA:19,1
DA:20,1
DA:21,1
DA:22,1
DA:23,1
DA:24,1
DA:25,1
DA:26,1
DA:27,1
DA:28,0
DA:29,0
DA:30,0
DA:31,1
DA:32,1
DA:33,0
DA:34,0
DA:35,0
DA:36,1
DA:37,1
DA:38,1
DA:39,0
DA:40,0
DA:41,1
DA:42,0
DA:43,0
DA:44,1
DA:45,0
DA:46,0
DA:47,1
DA:48,1
DA:49,1
LF:49
LH:37
BRDA:3,0,0,1
BRDA:15,1,0,1
BRDA:19,2,0,1
BRDA:23,3,0,1
BRDA:37,4,0,1
BRDA:38,5,0,0
BRDA:41,6,0,0
BRDA:44,7,0,0
BRDA:8,8,0,1
BRF:9
BRH:6
end_of_record
TN:
SF:src\domain\product\entity\product.ts
FN:3,get
FN:15,get id
FN:19,get name
FN:23,get price
FN:27,changeName
FN:32,changePrice
FN:37,validate
FN:8,Product
FNF:8
FNH:8
FNDA:19,get
FNDA:14,get id
FNDA:15,get name
FNDA:21,get price
FNDA:2,changeName
FNDA:4,changePrice
FNDA:25,validate
FNDA:19,Product
DA:1,1
DA:2,1
DA:3,1
DA:4,1
DA:5,1
DA:6,1
DA:7,1
DA:8,1
DA:9,19
DA:10,19
DA:11,19
DA:12,19
DA:13,19
DA:14,1
DA:15,1
DA:16,14
DA:17,14
DA:18,1
DA:19,1
DA:20,15
DA:21,15
DA:22,1
DA:23,1
DA:24,21
DA:25,21
DA:26,1
DA:27,1
DA:28,2
DA:29,2
DA:30,2
DA:31,1
DA:32,1
DA:33,4
DA:34,4
DA:35,4
DA:36,1
DA:37,1
DA:38,25
DA:39,1
DA:40,1
DA:41,25
DA:42,1
DA:43,1
DA:44,25
DA:45,1
DA:46,1
DA:47,22
DA:48,22
DA:49,1
LF:49
LH:49
BRDA:3,0,0,19
BRDA:15,1,0,14
BRDA:19,2,0,15
BRDA:23,3,0,21
BRDA:27,4,0,2
BRDA:32,5,0,4
BRDA:37,6,0,25
BRDA:38,7,0,1
BRDA:41,8,0,1
BRDA:44,9,0,1
BRDA:47,10,0,22
BRDA:8,11,0,19
BRF:12
BRH:12
end_of_record
TN:
SF:src\domain\product\event\product-created.event.ts
FN:3,get
FN:7,ProductCreatedEvent
FNF:2
FNH:2
FNDA:1,get
FNDA:1,ProductCreatedEvent
DA:1,1
DA:2,1
DA:3,1
DA:4,1
DA:5,1
DA:6,1
DA:7,1
DA:8,1
DA:9,1
DA:10,1
DA:11,1
LF:11
LH:11
BRDA:3,0,0,1
BRDA:7,1,0,1
BRF:2
BRH:2
end_of_record
TN:
SF:src\domain\product\event\handler\send-email-when-product-is-created.handler.ts
FN:4,get
FN:7,handle
FNF:2
FNH:2
FNDA:4,get
FNDA:1,handle
DA:1,1
DA:2,1
DA:3,1
DA:4,1
DA:5,1
DA:6,1
DA:7,1
DA:8,1
DA:9,1
DA:10,1
LF:10
LH:10
BRDA:4,0,0,4
BRDA:7,1,0,1
BRF:2
BRH:2
end_of_record
TN:
SF:src\domain\product\factory\product.factory.ts
FN:6,get
FN:7,create
FNF:2
FNH:2
FNDA:3,get
FNDA:3,create
DA:1,1
DA:2,1
DA:3,1
DA:4,1
DA:5,1
DA:6,1
DA:7,1
DA:8,3
DA:9,3
DA:10,3
DA:11,3
DA:12,3
DA:13,3
DA:14,1
DA:15,3
DA:16,1
DA:17,3
DA:18,1
DA:19,3
DA:20,3
DA:21,1
LF:21
LH:21
BRDA:6,0,0,3
BRDA:7,1,0,3
BRDA:13,2,0,1
BRDA:15,3,0,1
BRDA:17,4,0,1
BRF:5
BRH:5
end_of_record
TN:
SF:src\domain\product\service\product.service.ts
FN:3,get
FN:4,increasePrice
FNF:2
FNH:2
FNDA:1,get
FNDA:1,increasePrice
DA:1,1
DA:2,1
DA:3,1
DA:4,1
DA:5,1
DA:6,2
DA:7,2
DA:8,1
DA:9,1
DA:10,1
LF:10
LH:10
BRDA:3,0,0,1
BRDA:4,1,0,1
BRDA:5,2,0,2
BRF:3
BRH:3
end_of_record
TN:
SF:src\infrastructure\customer\repository\sequelize\customer.model.ts
FN:12,get
FNF:1
FNH:1
FNDA:30,get
DA:1,1
DA:2,1
DA:3,1
DA:4,1
DA:5,1
DA:6,1
DA:7,1
DA:8,1
DA:9,1
DA:10,1
DA:11,1
DA:12,1
DA:13,1
DA:14,1
DA:15,1
DA:16,1
DA:17,1
DA:18,1
DA:19,1
DA:20,1
DA:21,1
DA:22,1
DA:23,1
DA:24,1
DA:25,1
DA:26,1
DA:27,1
DA:28,1
DA:29,1
DA:30,1
DA:31,1
DA:32,1
DA:33,1
DA:34,1
DA:35,1
DA:36,1
DA:37,1
LF:37
LH:37
BRDA:12,0,0,30
BRF:1
BRH:1
end_of_record
TN:
SF:src\infrastructure\customer\repository\sequelize\customer.repository.ts
FN:6,get
FN:7,create
FN:20,update
FN:39,find
FN:63,findAll
FNF:5
FNH:5
FNDA:7,get
FNDA:7,create
FNDA:1,update
FNDA:2,find
FNDA:1,findAll
DA:1,1
DA:2,1
DA:3,1
DA:4,1
DA:5,1
DA:6,1
DA:7,1
DA:8,7
DA:9,7
DA:10,7
DA:11,7
DA:12,7
DA:13,7
DA:14,7
DA:15,7
DA:16,7
DA:17,7
DA:18,7
DA:19,1
DA:20,1
DA:21,1
DA:22,1
DA:23,1
DA:24,1
DA:25,1
DA:26,1
DA:27,1
DA:28,1
DA:29,1
DA:30,1
DA:31,1
DA:32,1
DA:33,1
DA:34,1
DA:35,1
DA:36,1
DA:37,1
DA:38,1
DA:39,1
DA:40,2
DA:41,2
DA:42,2
DA:43,2
DA:44,2
DA:45,2
DA:46,2
DA:47,2
DA:48,1
DA:49,1
DA:50,1
DA:51,1
DA:52,1
DA:53,1
DA:54,1
DA:55,1
DA:56,1
DA:57,1
DA:58,1
DA:59,1
DA:60,1
DA:61,1
DA:62,1
DA:63,1
DA:64,1
DA:65,1
DA:66,1
DA:67,2
DA:68,2
DA:69,2
DA:70,2
DA:71,2
DA:72,2
DA:73,2
DA:74,2
DA:75,2
DA:76,2
DA:77,1
DA:78,1
DA:79,2
DA:80,2
DA:81,1
DA:82,1
DA:83,1
DA:84,1
LF:84
LH:84
BRDA:6,0,0,7
BRDA:7,1,0,7
BRDA:20,2,0,1
BRDA:39,3,0,2
BRDA:47,4,0,1
BRDA:63,5,0,1
BRDA:66,6,0,2
BRDA:76,7,0,1
BRF:8
BRH:8
end_of_record
TN:
SF:src\infrastructure\order\repository\sequilize\order-item.model.ts
FN:17,get
FNF:1
FNH:1
FNDA:12,get
DA:1,1
DA:2,1
DA:3,1
DA:4,1
DA:5,1
DA:6,1
DA:7,1
DA:8,1
DA:9,1
DA:10,1
DA:11,1
DA:12,1
DA:13,1
DA:14,1
DA:15,1
DA:16,1
DA:17,1
DA:18,1
DA:19,1
DA:20,1
DA:21,1
DA:22,1
DA:23,1
DA:24,1
DA:25,1
DA:26,1
DA:27,1
DA:28,1
DA:29,1
DA:30,1
DA:31,1
DA:32,1
DA:33,1
DA:34,1
DA:35,1
DA:36,1
DA:37,1
DA:38,1
DA:39,1
DA:40,1
DA:41,1
DA:42,1
DA:43,1
DA:44,1
LF:44
LH:44
BRDA:27,0,0,0
BRDA:34,1,0,0
BRDA:17,2,0,12
BRDA:22,3,0,10
BRDA:26,4,0,4
BRDA:29,5,0,4
BRDA:33,6,0,4
BRF:7
BRH:5
end_of_record
TN:
SF:src\infrastructure\order\repository\sequilize\order.model.ts
FN:17,get
FNF:1
FNH:1
FNDA:17,get
DA:1,1
DA:2,1
DA:3,1
DA:4,1
DA:5,1
DA:6,1
DA:7,1
DA:8,1
DA:9,1
DA:10,1
DA:11,1
DA:12,1
DA:13,1
DA:14,1
DA:15,1
DA:16,1
DA:17,1
DA:18,1
DA:19,1
DA:20,1
DA:21,1
DA:22,1
DA:23,1
DA:24,1
DA:25,1
DA:26,1
DA:27,1
DA:28,1
DA:29,1
DA:30,1
DA:31,1
DA:32,1
DA:33,1
DA:34,1
LF:34
LH:34
BRDA:27,0,0,0
BRDA:17,1,0,17
BRDA:22,2,0,2
BRDA:26,3,0,6
BRDA:29,4,0,6
BRF:5
BRH:4
end_of_record
TN:
SF:src\infrastructure\order\repository\sequilize\order.repository.ts
FN:5,get
FN:6,create
FN:26,update
FNF:3
FNH:3
FNDA:2,get
FNDA:2,create
FNDA:1,update
DA:1,1
DA:2,1
DA:3,1
DA:4,1
DA:5,1
DA:6,1
DA:7,2
DA:8,2
DA:9,2
DA:10,2
DA:11,2
DA:12,2
DA:13,2
DA:14,2
DA:15,2
DA:16,2
DA:17,2
DA:18,2
DA:19,2
DA:20,2
DA:21,2
DA:22,2
DA:23,2
DA:24,2
DA:25,1
DA:26,1
DA:27,1
DA:28,1
DA:29,1
DA:30,1
DA:31,1
DA:32,1
DA:33,1
DA:34,1
DA:35,1
DA:36,1
DA:37,1
DA:38,1
DA:39,1
DA:40,1
DA:41,1
DA:42,1
DA:43,1
DA:44,1
DA:45,1
DA:46,1
DA:47,1
DA:48,1
DA:49,1
DA:50,1
DA:51,1
DA:52,1
DA:53,1
DA:54,1
DA:55,1
DA:56,1
DA:57,1
DA:58,1
DA:59,1
LF:59
LH:59
BRDA:5,0,0,2
BRDA:6,1,0,2
BRDA:12,2,0,2
BRDA:26,3,0,1
BRDA:28,4,0,1
BRDA:33,5,0,1
BRF:6
BRH:6
end_of_record
TN:
SF:src\infrastructure\product\repository\sequelize\product.model.ts
FN:7,get
FNF:1
FNH:1
FNDA:39,get
DA:1,1
DA:2,1
DA:3,1
DA:4,1
DA:5,1
DA:6,1
DA:7,1
DA:8,1
DA:9,1
DA:10,1
DA:11,1
DA:12,1
DA:13,1
DA:14,1
DA:15,1
DA:16,1
DA:17,1
LF:17
LH:17
BRDA:7,0,0,39
BRF:1
BRH:1
end_of_record
TN:
SF:src\infrastructure\product\repository\sequelize\product.repository.ts
FN:5,get
FN:6,create
FN:14,update
FN:28,find
FN:33,findAll
FNF:5
FNH:5
FNDA:6,get
FNDA:8,create
FNDA:1,update
FNDA:1,find
FNDA:1,findAll
DA:1,1
DA:2,1
DA:3,1
DA:4,1
DA:5,1
DA:6,1
DA:7,8
DA:8,8
DA:9,8
DA:10,8
DA:11,8
DA:12,8
DA:13,1
DA:14,1
DA:15,1
DA:16,1
DA:17,1
DA:18,1
DA:19,1
DA:20,1
DA:21,1
DA:22,1
DA:23,1
DA:24,1
DA:25,1
DA:26,1
DA:27,1
DA:28,1
DA:29,1
DA:30,1
DA:31,1
DA:32,1
DA:33,1
DA:34,1
DA:35,1
DA:36,2
DA:37,1
DA:38,1
DA:39,1
LF:39
LH:39
BRDA:5,0,0,6
BRDA:6,1,0,8
BRDA:14,2,0,1
BRDA:28,3,0,1
BRDA:33,4,0,1
BRDA:35,5,0,2
BRF:6
BRH:6
end_of_record
